1706499615703	geckodriver	INFO	Listening on 127.0.0.1:52292
1706499618758	mozrunner::runner	INFO	Running command: "C:\\Users\\acer\\.cache\\selenium\\firefox\\win64\\122.0\\firefox.exe" "--marionette" "--remote-debugging-p ... 93" "--remote-allow-hosts" "localhost" "-no-remote" "-profile" "C:\\Users\\acer\\AppData\\Local\\Temp\\rust_mozprofileK9nf3L"
console.warn: services.settings: Ignoring preference override of remote settings server
console.warn: services.settings: Allow by setting MOZ_REMOTE_SETTINGS_DEVTOOLS=1 in the environment
1706499619151	Marionette	INFO	Marionette enabled
Dynamically enable window occlusion 0
1706499619226	Marionette	INFO	Listening on port 52316
WebDriver BiDi listening on ws://127.0.0.1:52293
Read port: 52316
1706499619440	RemoteAgent	WARN	TLS certificate errors will be ignored for this session
DevTools listening on ws://127.0.0.1:52293/devtools/browser/c3f3bed7-b41c-47e1-a135-b390643f8008
JavaScript warning: https://automationexercise.com/static/js/jquery.js, line 2: Using //@ to indicate sourceMappingURL pragmas is deprecated. Use //# instead
JavaScript warning: https://pagead2.googlesyndication.com/bg/IHSjRKKj3q_1Pt3c2sGWHmUCy_Bw5n5yhKh9CWyZSw4.js line 2 > eval line 4152 > eval line 1 > eval line 1 > eval, line 1: WEBGL_debug_renderer_info is deprecated in Firefox and will be removed. Please use RENDERER.
JavaScript warning: https://automationexercise.com/static/js/jquery.js, line 2: Using //@ to indicate sourceMappingURL pragmas is deprecated. Use //# instead
JavaScript error: , line 0: TypeError: NetworkError when attempting to fetch resource.
JavaScript warning: https://automationexercise.com/static/js/jquery.js, line 2: Using //@ to indicate sourceMappingURL pragmas is deprecated. Use //# instead
JavaScript warning: https://pagead2.googlesyndication.com/bg/IHSjRKKj3q_1Pt3c2sGWHmUCy_Bw5n5yhKh9CWyZSw4.js line 2 > eval line 3411 > eval line 1 > eval line 1 > eval, line 1: WEBGL_debug_renderer_info is deprecated in Firefox and will be removed. Please use RENDERER.
JavaScript warning: https://automationexercise.com/static/js/jquery.js, line 2: Using //@ to indicate sourceMappingURL pragmas is deprecated. Use //# instead
console.warn: LoginRecipes: "Falling back to a synchronous message for: https://automationexercise.com."
console.warn: LoginRecipes: "Falling back to a synchronous message for: https://automationexercise.com."
JavaScript warning: https://pagead2.googlesyndication.com/bg/IHSjRKKj3q_1Pt3c2sGWHmUCy_Bw5n5yhKh9CWyZSw4.js line 2 > eval line 4366 > eval line 1 > eval line 1 > eval, line 1: WEBGL_debug_renderer_info is deprecated in Firefox and will be removed. Please use RENDERER.
1706499639262	Marionette	INFO	Stopped listening on port 52316
JavaScript warning: https://pagead2.googlesyndication.com/pagead/managed/js/adsense/m202401230101/show_ads_impl_fy2021.js, line 62: Script terminated by timeout at:
Df/</<@https://pagead2.googlesyndication.com/pagead/managed/js/adsense/m202401230101/show_ads_impl_fy2021.js:62:44

Dynamically enable window occlusion 1
